-------------------------------------------------------------------------------
Test set: com.tecsup.lab10.CPS_20191_G1.AppTest
-------------------------------------------------------------------------------
<<<<<<< HEAD
<<<<<<< HEAD
Tests run: 1, Failures: 0, Errors: 0, Skipped: 0, Time elapsed: 0.059 sec
=======
Tests run: 1, Failures: 0, Errors: 0, Skipped: 0, Time elapsed: 0.053 sec
>>>>>>> refs/remotes/origin/sprint-multiplicacion
=======
Tests run: 1, Failures: 0, Errors: 0, Skipped: 0, Time elapsed: 0.068 sec
>>>>>>> refs/remotes/origin/sprint-suma
